<?xml version="1.0" encoding="UTF-8"?>
<testng-results ignored="0" total="1" passed="1" failed="0" skipped="0">
  <reporter-output>
  </reporter-output>
  <suite started-at="2024-05-17T07:03:22 IST" name="Default suite" finished-at="2024-05-17T07:03:41 IST" duration-ms="19198">
    <groups>
    </groups>
    <test started-at="2024-05-17T07:03:22 IST" name="Default test" finished-at="2024-05-17T07:03:41 IST" duration-ms="19198">
      <class name="org.Testing.testscripts.TC8">
        <test-method is-config="true" signature="launch()[pri:0, instance:org.Testing.testscripts.TC8@c33b74f]" started-at="2024-05-17T07:03:22 IST" name="launch" finished-at="2024-05-17T07:03:30 IST" duration-ms="7667" status="PASS">
          <reporter-output>
          </reporter-output>
        </test-method> <!-- launch -->
        <test-method signature="videoplay()[pri:0, instance:org.Testing.testscripts.TC8@c33b74f]" started-at="2024-05-17T07:03:30 IST" name="videoplay" finished-at="2024-05-17T07:03:41 IST" duration-ms="11476" status="PASS">
          <reporter-output>
          </reporter-output>
        </test-method> <!-- videoplay -->
      </class> <!-- org.Testing.testscripts.TC8 -->
    </test> <!-- Default test -->
  </suite> <!-- Default suite -->
</testng-results>
